<?xml version="1.0" encoding="UTF-8"?>
<testsuites name="Mocha Tests" time="3.1160" tests="1" failures="0">
  <testsuite name="Root Suite" timestamp="2020-08-03T12:51:29" tests="0" file="cypress\integration\secondTest.spec.js" time="0.0000" failures="0">
  </testsuite>
  <testsuite name="Test with backend" timestamp="2020-08-03T12:51:29" tests="1" time="3.1160" failures="0">
    <testcase name="Test with backend very user can log out succesfully" time="3.1160" classname="very user can log out succesfully">
    </testcase>
  </testsuite>
</testsuites>