<?xml version="1.0" encoding="UTF-8"?>
<testsuites name="Mocha Tests" time="3.1940" tests="1" failures="0">
  <testsuite name="Root Suite" timestamp="2020-07-27T12:54:34" tests="0" file="cypress\integration\secondTest.spec.js" time="0.0000" failures="0">
  </testsuite>
  <testsuite name="Test with backend" timestamp="2020-07-27T12:54:34" tests="1" time="3.1940" failures="0">
    <testcase name="Test with backend very user can log out succesfully" time="3.1940" classname="very user can log out succesfully">
    </testcase>
  </testsuite>
</testsuites>